<?xml version="1.0" encoding="UTF-8" ?>
<testsuites>
  <testsuite errors="0" failures="0" hostname="IT0996" id="0" name="IronMqTest" package="chismografo" tests="1" time="0.461" timestamp="2013-07-02T22:37:33">
      <properties />

      <testcase classname="chismografo.IronMqTest" name="test" time="0.0050" />

      <system-out><![CDATA[--Output from test--
]]></system-out>

      <system-err><![CDATA[--Output from test--
]]></system-err>

  </testsuite>
  <testsuite errors="0" failures="0" hostname="IT0996" id="1" name="MensajeTests" package="chismografo" tests="1" time="0.255" timestamp="2013-07-02T22:37:35">
      <properties />

      <testcase classname="chismografo.MensajeTests" name="testSomething" time="0.253" />

      <system-out><![CDATA[--Output from testSomething--
]]></system-out>

      <system-err><![CDATA[--Output from testSomething--
]]></system-err>

  </testsuite>
  <testsuite errors="0" failures="0" hostname="IT0996" id="2" name="MensajesControllerTests" package="chismografo" tests="1" time="0.898" timestamp="2013-07-02T22:37:34">
      <properties />

      <testcase classname="chismografo.MensajesControllerTests" name="testSomething" time="0.751" />

      <system-out><![CDATA[--Output from testSomething--
]]></system-out>

      <system-err><![CDATA[--Output from testSomething--
]]></system-err>

  </testsuite>
</testsuites>
